<?xml version="1.0" encoding="UTF-8"?>
<!-- Generated by org.testng.reporters.JUnitReportReporter -->
<testsuite skipped="0" hostname="DESKTOP-M2PQM9O" name="com.com470.seleniumMercuryApp.SeleniumMercuryAppApplicationNGTest" tests="2" failures="0" timestamp="04 sep 2020 02:16:44 GMT" time="40.643" errors="0">
  <testcase name="TestSimple" time="20.761" classname="com.com470.seleniumMercuryApp.SeleniumMercuryAppApplicationNGTest"/>
  <testcase name="TestComplejos" time="19.882" classname="com.com470.seleniumMercuryApp.SeleniumMercuryAppApplicationNGTest"/>
</testsuite> <!-- com.com470.seleniumMercuryApp.SeleniumMercuryAppApplicationNGTest -->
